<?xml version="1.0" encoding="UTF-8"?>
<testng-results ignored="0" total="1" passed="1" failed="0" skipped="0">
  <reporter-output>
  </reporter-output>
  <suite started-at="2024-11-18T15:36:08 IST" name="Default suite" finished-at="2024-11-18T15:36:11 IST" duration-ms="3522">
    <groups>
    </groups>
    <test started-at="2024-11-18T15:36:08 IST" name="Default test" finished-at="2024-11-18T15:36:11 IST" duration-ms="3522">
      <class name="SlashRTC1.TestNG">
        <test-method signature="TestSM()[pri:0, instance:SlashRTC1.TestNG@49139829]" started-at="2024-11-18T15:36:08 IST" name="TestSM" finished-at="2024-11-18T15:36:11 IST" duration-ms="3469" status="PASS">
          <reporter-output>
          </reporter-output>
        </test-method> <!-- TestSM -->
      </class> <!-- SlashRTC1.TestNG -->
    </test> <!-- Default test -->
  </suite> <!-- Default suite -->
</testng-results>
